###
### Using 'vc12' toolset.
###
command.c
compile.c
constants.c
debug.c
execcmd.c
execnt.c
filent.c
frames.c
function.c
glob.c
hash.c
hdrmacro.c
headers.c
jam.c
jambase.c
jamgram.c
lists.c
make.c
make1.c
object.c
Generating Code...
Compiling...
option.c
output.c
parse.c
pathnt.c
pathsys.c
regexp.c
rules.c
scan.c
search.c
subst.c
timestamp.c
variable.c
modules.c
strings.c
filesys.c
builtins.c
md5.c
class.c
cwd.c
w32_getreg.c
Generating Code...
Compiling...
native.c
set.c
path.c
regex.c
property-set.c
sequence.c
order.c
Generating Code...
...found 1 target...
...updating 1 target...
...updated 1 target...
...found 159 targets...
...updating 3 targets...
[MKDIR] bin.ntx86
[COMPILE] bin.ntx86\b2.exe
command.c
compile.c
constants.c
debug.c
execcmd.c
frames.c
function.c
glob.c
hash.c
hcache.c
headers.c
hdrmacro.c
jam.c
jambase.c
jamgram.c
lists.c
make.c
make1.c
mem.c
object.c
Compiling...
option.c
output.c
parse.c
pathsys.c
regexp.c
rules.c
scan.c
search.c
subst.c
w32_getreg.c
timestamp.c
variable.c
modules.c
strings.c
filesys.c
builtins.c
class.c
cwd.c
native.c
md5.c
Compiling...
set.c
path.c
regex.c
property-set.c
sequence.c
order.c
execnt.c
filent.c
pathnt.c
Generating code
Finished generating code
[COPY] bin.ntx86\bjam.exe
...updated 3 targets...
